<?xml version="1.0" encoding="UTF-8"?>
<!-- Generated by org.testng.reporters.JUnitXMLReporter -->
<testsuite hostname="PRINHYLTPDL1296" name="ChromeTest1" tests="4" failures="0" timestamp="10 Feb 2021 12:39:04 GMT" time="55.706" errors="0">
  <testcase name="verifyUrl" time="23.494" classname="com.flipkart.test.LoginTest"/>
  <testcase name="validlogin" time="10.881" classname="com.flipkart.test.LoginTest"/>
  <testcase name="verifylogout" time="8.535" classname="com.flipkart.test.LoginTest"/>
  <testcase name="verifyCloseBrowser" time="1.004" classname="com.flipkart.test.LoginTest"/>
</testsuite> <!-- ChromeTest1 -->
