<?xml version="1.0" encoding="UTF-8"?>
<!-- Generated by org.testng.reporters.JUnitXMLReporter -->
<testsuite hostname="DESKTOP-C124IV1" name="Test2" tests="15" failures="0" timestamp="24 Feb 2021 08:13:41 GMT" time="49.324" errors="0">
  <testcase name="verifyUrl" time="11.99" classname="com.flipkart.test.LoginTest"/>
  <testcase name="verifyMyAccountDisplayed" time="0.079" classname="com.flipkart.test.AddToCartTest"/>
  <testcase name="verifySearchBoxAvailability" time="1.076" classname="com.flipkart.test.AddToCartTest"/>
  <testcase name="verifySearchBtnAvailability" time="0.063" classname="com.flipkart.test.AddToCartTest"/>
  <testcase name="verifyCartButtonDisplayed" time="0.048" classname="com.flipkart.test.AddToCartTest"/>
  <testcase name="validlogin" time="4.922" classname="com.flipkart.test.LoginTest"/>
  <testcase name="verifyProductSearch" time="3.664" classname="com.flipkart.test.AddToCartTest"/>
  <testcase name="verifyProductDisplayed" time="10.232" classname="com.flipkart.test.AddToCartTest"/>
  <testcase name="verifyAddToCartBtnDisplayed" time="0.863" classname="com.flipkart.test.AddToCartTest"/>
  <testcase name="verifyBuyNowBtnDisplayed" time="0.07" classname="com.flipkart.test.AddToCartTest"/>
  <testcase name="verifyAddToCart" time="0.13" classname="com.flipkart.test.AddToCartTest"/>
  <testcase name="verifyRemoveFromCart" time="5.522" classname="com.flipkart.test.AddToCartTest"/>
  <testcase name="verifylogout" time="3.277" classname="com.flipkart.test.AddToCartTest"/>
  <testcase name="verifyCloseBrowser" time="0.668" classname="com.flipkart.test.AddToCartTest"/>
  <testcase name="quit" time="1.091" classname="com.flipkart.test.AddToCartTest"/>
</testsuite> <!-- Test2 -->
