<?xml version="1.0" encoding="UTF-8"?>
<!-- Generated by org.testng.reporters.JUnitXMLReporter -->
<testsuite hostname="PRINHYLTPDL1296" name="Test1" tests="4" failures="0" timestamp="10 Feb 2021 12:41:19 GMT" time="67.749" errors="0">
  <testcase name="verifyUrl" time="25.637" classname="com.flipkart.test.LoginTest"/>
  <testcase name="validlogin" time="14.387" classname="com.flipkart.test.LoginTest"/>
  <testcase name="verifylogout" time="10.572" classname="com.flipkart.test.LoginTest"/>
  <testcase name="verifyCloseBrowser" time="0.95" classname="com.flipkart.test.LoginTest"/>
</testsuite> <!-- Test1 -->
