<?xml version="1.0" encoding="UTF-8"?>
<!-- Generated by org.testng.reporters.JUnitXMLReporter -->
<testsuite hostname="DESKTOP-C124IV1" name="Test1" tests="15" failures="0" timestamp="24 Feb 2021 08:13:35 GMT" time="42.887" errors="0">
  <testcase name="verifyUrl" time="9.914" classname="com.flipkart.test.LoginTest"/>
  <testcase name="verifyMyAccountDisplayed" time="0.128" classname="com.flipkart.test.AddToCartTest"/>
  <testcase name="verifySearchBoxAvailability" time="1.15" classname="com.flipkart.test.AddToCartTest"/>
  <testcase name="verifySearchBtnAvailability" time="0.11" classname="com.flipkart.test.AddToCartTest"/>
  <testcase name="verifyCartButtonDisplayed" time="0.109" classname="com.flipkart.test.AddToCartTest"/>
  <testcase name="validlogin" time="3.702" classname="com.flipkart.test.LoginTest"/>
  <testcase name="verifyProductSearch" time="3.407" classname="com.flipkart.test.AddToCartTest"/>
  <testcase name="verifyProductDisplayed" time="6.953" classname="com.flipkart.test.AddToCartTest"/>
  <testcase name="verifyAddToCartBtnDisplayed" time="1.231" classname="com.flipkart.test.AddToCartTest"/>
  <testcase name="verifyBuyNowBtnDisplayed" time="0.099" classname="com.flipkart.test.AddToCartTest"/>
  <testcase name="verifyAddToCart" time="0.247" classname="com.flipkart.test.AddToCartTest"/>
  <testcase name="verifyRemoveFromCart" time="5.834" classname="com.flipkart.test.AddToCartTest"/>
  <testcase name="verifylogout" time="4.321" classname="com.flipkart.test.AddToCartTest"/>
  <testcase name="verifyCloseBrowser" time="0.309" classname="com.flipkart.test.AddToCartTest"/>
  <testcase name="quit" time="1.182" classname="com.flipkart.test.AddToCartTest"/>
</testsuite> <!-- Test1 -->
