<?xml version="1.0" encoding="UTF-8"?>
<testng-results skipped="0" failed="0" total="4" passed="4">
  <reporter-output>
  </reporter-output>
  <suite name="Suite" duration-ms="149106" started-at="2021-02-11T13:00:21Z" finished-at="2021-02-11T13:02:50Z">
    <groups>
    </groups>
    <test name="Test2" duration-ms="149106" started-at="2021-02-11T13:00:21Z" finished-at="2021-02-11T13:02:50Z">
      <class name="com.flipkart.test.LoginTest">
        <test-method status="PASS" signature="dependencies()[pri:0, instance:com.flipkart.test.LoginTest@36d4b5c]" name="dependencies" is-config="true" duration-ms="30" started-at="2021-02-11T18:30:24Z" finished-at="2021-02-11T18:30:24Z">
          <reporter-output>
          </reporter-output>
        </test-method> <!-- dependencies -->
        <test-method status="PASS" signature="verifyUrl()[pri:0, instance:com.flipkart.test.LoginTest@36d4b5c]" name="verifyUrl" duration-ms="51440" started-at="2021-02-11T18:30:24Z" finished-at="2021-02-11T18:31:16Z">
          <reporter-output>
          </reporter-output>
        </test-method> <!-- verifyUrl -->
        <test-method status="PASS" signature="validlogin(java.lang.String, java.lang.String)[pri:0, instance:com.flipkart.test.LoginTest@36d4b5c]" name="validlogin" duration-ms="44916" started-at="2021-02-11T18:31:16Z" finished-at="2021-02-11T18:32:01Z">
          <params>
            <param index="0">
              <value>
                <![CDATA[9493301749]]>
              </value>
            </param>
            <param index="1">
              <value>
                <![CDATA[Cn012345678]]>
              </value>
            </param>
          </params>
          <reporter-output>
          </reporter-output>
        </test-method> <!-- validlogin -->
        <test-method status="PASS" signature="verifylogout()[pri:0, instance:com.flipkart.test.LoginTest@36d4b5c]" name="verifylogout" duration-ms="49239" started-at="2021-02-11T18:32:01Z" finished-at="2021-02-11T18:32:50Z">
          <reporter-output>
          </reporter-output>
        </test-method> <!-- verifylogout -->
        <test-method status="PASS" signature="verifyCloseBrowser()[pri:0, instance:com.flipkart.test.LoginTest@36d4b5c]" name="verifyCloseBrowser" duration-ms="54" started-at="2021-02-11T18:32:50Z" finished-at="2021-02-11T18:32:50Z">
          <reporter-output>
          </reporter-output>
        </test-method> <!-- verifyCloseBrowser -->
      </class> <!-- com.flipkart.test.LoginTest -->
    </test> <!-- Test2 -->
  </suite> <!-- Suite -->
</testng-results>
